Arguments: 
  /snap/node/2638/bin/node /snap/node/2638/bin/yarn.js config get registry

PATH: 
  /home/bari/code/react/node_modules/.bin:/home/bari/.npm-global/bin:/home/bari/.cargo/bin:/usr/local/sbin:/usr/local/bin:/usr/sbin:/usr/bin:/sbin:/bin:/usr/games:/usr/local/games:/snap/bin:/home/bari/go/bin:/home/bari/go/bin:/usr/local/go/bin

Yarn version: 
  1.22.4

Node version: 
  10.20.1

Platform: 
  linux x64

Trace: 
  Error: EACCES: permission denied, write
      at writeSync (fs.js:573:3)
      at SyncWriteStream._write (internal/fs/sync_write_stream.js:22:3)
      at doWrite (_stream_writable.js:415:12)
      at writeOrBuffer (_stream_writable.js:399:5)
      at SyncWriteStream.Writable.write (_stream_writable.js:299:11)
      at ConsoleReporter._log (/snap/node/2638/lib/cli.js:96769:17)
      at ConsoleReporter.log (/snap/node/2638/lib/cli.js:96757:10)
      at get (/snap/node/2638/lib/cli.js:87535:14)
      at Object.<anonymous> (/snap/node/2638/lib/cli.js:25940:25)
      at Generator.next (<anonymous>)

npm manifest: 
  {
    "name": "currency-converter",
    "version": "0.1.0",
    "private": true
  }

yarn manifest: 
  No manifest

Lockfile: 
  No lockfile
